running egg_info
writing ../../build/controlador/controlador.egg-info/PKG-INFO
writing dependency_links to ../../build/controlador/controlador.egg-info/dependency_links.txt
writing entry points to ../../build/controlador/controlador.egg-info/entry_points.txt
writing requirements to ../../build/controlador/controlador.egg-info/requires.txt
writing top-level names to ../../build/controlador/controlador.egg-info/top_level.txt
reading manifest file '../../build/controlador/controlador.egg-info/SOURCES.txt'
writing manifest file '../../build/controlador/controlador.egg-info/SOURCES.txt'
running build
running build_py
copying controlador/square_pid_control.py -> /home/darhf/Manchester/Week10/challenge3/controlador/build/controlador/build/lib/controlador
running install
running install_lib
copying /home/darhf/Manchester/Week10/challenge3/controlador/build/controlador/build/lib/controlador/square_pid_control.py -> /home/darhf/Manchester/Week10/challenge3/controlador/install/controlador/lib/python3.10/site-packages/controlador
byte-compiling /home/darhf/Manchester/Week10/challenge3/controlador/install/controlador/lib/python3.10/site-packages/controlador/square_pid_control.py to square_pid_control.cpython-310.pyc
running install_data
running install_egg_info
removing '/home/darhf/Manchester/Week10/challenge3/controlador/install/controlador/lib/python3.10/site-packages/controlador-0.0.0-py3.10.egg-info' (and everything under it)
Copying ../../build/controlador/controlador.egg-info to /home/darhf/Manchester/Week10/challenge3/controlador/install/controlador/lib/python3.10/site-packages/controlador-0.0.0-py3.10.egg-info
running install_scripts
Installing square_pid_control script to /home/darhf/Manchester/Week10/challenge3/controlador/install/controlador/lib/controlador
writing list of installed files to '/home/darhf/Manchester/Week10/challenge3/controlador/build/controlador/install.log'
