running egg_info
writing ../../build/controlador/controlador.egg-info/PKG-INFO
writing dependency_links to ../../build/controlador/controlador.egg-info/dependency_links.txt
writing entry points to ../../build/controlador/controlador.egg-info/entry_points.txt
writing requirements to ../../build/controlador/controlador.egg-info/requires.txt
writing top-level names to ../../build/controlador/controlador.egg-info/top_level.txt
reading manifest file '../../build/controlador/controlador.egg-info/SOURCES.txt'
writing manifest file '../../build/controlador/controlador.egg-info/SOURCES.txt'
running build
running build_py
running install
running install_lib
running install_data
copying config/waypoints.yaml -> /home/darhf/Manchester/Week10/challenge3/controlador/install/controlador/share/controlador/config
running install_egg_info
removing '/home/darhf/Manchester/Week10/challenge3/controlador/install/controlador/lib/python3.10/site-packages/controlador-0.0.0-py3.10.egg-info' (and everything under it)
Copying ../../build/controlador/controlador.egg-info to /home/darhf/Manchester/Week10/challenge3/controlador/install/controlador/lib/python3.10/site-packages/controlador-0.0.0-py3.10.egg-info
running install_scripts
Installing square_pid_control script to /home/darhf/Manchester/Week10/challenge3/controlador/install/controlador/lib/controlador
writing list of installed files to '/home/darhf/Manchester/Week10/challenge3/controlador/build/controlador/install.log'
