[0.665s] Invoking command in '/home/darhf/Manchester/Week10/challenge3/controlador/src/controlador': PYTHONPATH=/home/darhf/Manchester/Week10/challenge3/controlador/build/controlador/prefix_override:/usr/lib/python3/dist-packages/colcon_core/task/python/colcon_distutils_commands:/home/darhf/Manchester/Week10/challenge3/controlador/install/controlador/lib/python3.10/site-packages:${PYTHONPATH} /usr/bin/python3 -W ignore:setup.py install is deprecated -W ignore:easy_install command is deprecated setup.py egg_info --egg-base ../../build/controlador build --build-base /home/darhf/Manchester/Week10/challenge3/controlador/build/controlador/build install --record /home/darhf/Manchester/Week10/challenge3/controlador/build/controlador/install.log --single-version-externally-managed install_data
[0.888s] running egg_info
[0.889s] writing ../../build/controlador/controlador.egg-info/PKG-INFO
[0.889s] writing dependency_links to ../../build/controlador/controlador.egg-info/dependency_links.txt
[0.890s] writing entry points to ../../build/controlador/controlador.egg-info/entry_points.txt
[0.890s] writing requirements to ../../build/controlador/controlador.egg-info/requires.txt
[0.890s] writing top-level names to ../../build/controlador/controlador.egg-info/top_level.txt
[0.892s] reading manifest file '../../build/controlador/controlador.egg-info/SOURCES.txt'
[0.894s] writing manifest file '../../build/controlador/controlador.egg-info/SOURCES.txt'
[0.894s] running build
[0.894s] running build_py
[0.894s] running install
[0.894s] running install_lib
[0.896s] running install_data
[0.896s] copying config/waypoints.yaml -> /home/darhf/Manchester/Week10/challenge3/controlador/install/controlador/share/controlador/config
[0.896s] running install_egg_info
[0.899s] removing '/home/darhf/Manchester/Week10/challenge3/controlador/install/controlador/lib/python3.10/site-packages/controlador-0.0.0-py3.10.egg-info' (and everything under it)
[0.899s] Copying ../../build/controlador/controlador.egg-info to /home/darhf/Manchester/Week10/challenge3/controlador/install/controlador/lib/python3.10/site-packages/controlador-0.0.0-py3.10.egg-info
[0.900s] running install_scripts
[0.922s] Installing square_pid_control script to /home/darhf/Manchester/Week10/challenge3/controlador/install/controlador/lib/controlador
[0.922s] writing list of installed files to '/home/darhf/Manchester/Week10/challenge3/controlador/build/controlador/install.log'
[0.976s] Invoked command in '/home/darhf/Manchester/Week10/challenge3/controlador/src/controlador' returned '0': PYTHONPATH=/home/darhf/Manchester/Week10/challenge3/controlador/build/controlador/prefix_override:/usr/lib/python3/dist-packages/colcon_core/task/python/colcon_distutils_commands:/home/darhf/Manchester/Week10/challenge3/controlador/install/controlador/lib/python3.10/site-packages:${PYTHONPATH} /usr/bin/python3 -W ignore:setup.py install is deprecated -W ignore:easy_install command is deprecated setup.py egg_info --egg-base ../../build/controlador build --build-base /home/darhf/Manchester/Week10/challenge3/controlador/build/controlador/build install --record /home/darhf/Manchester/Week10/challenge3/controlador/build/controlador/install.log --single-version-externally-managed install_data
