running egg_info
creating ../../build/controlador/controlador.egg-info
writing ../../build/controlador/controlador.egg-info/PKG-INFO
writing dependency_links to ../../build/controlador/controlador.egg-info/dependency_links.txt
writing entry points to ../../build/controlador/controlador.egg-info/entry_points.txt
writing requirements to ../../build/controlador/controlador.egg-info/requires.txt
writing top-level names to ../../build/controlador/controlador.egg-info/top_level.txt
writing manifest file '../../build/controlador/controlador.egg-info/SOURCES.txt'
reading manifest file '../../build/controlador/controlador.egg-info/SOURCES.txt'
writing manifest file '../../build/controlador/controlador.egg-info/SOURCES.txt'
running build
running build_py
creating /home/darhf/Manchester/Week10/challenge3/controlador/build/controlador/build
creating /home/darhf/Manchester/Week10/challenge3/controlador/build/controlador/build/lib
creating /home/darhf/Manchester/Week10/challenge3/controlador/build/controlador/build/lib/controlador
copying controlador/__init__.py -> /home/darhf/Manchester/Week10/challenge3/controlador/build/controlador/build/lib/controlador
copying controlador/square_pid_control.py -> /home/darhf/Manchester/Week10/challenge3/controlador/build/controlador/build/lib/controlador
running install
running install_lib
creating /home/darhf/Manchester/Week10/challenge3/controlador/install/controlador/lib/python3.10/site-packages/controlador
copying /home/darhf/Manchester/Week10/challenge3/controlador/build/controlador/build/lib/controlador/__init__.py -> /home/darhf/Manchester/Week10/challenge3/controlador/install/controlador/lib/python3.10/site-packages/controlador
copying /home/darhf/Manchester/Week10/challenge3/controlador/build/controlador/build/lib/controlador/square_pid_control.py -> /home/darhf/Manchester/Week10/challenge3/controlador/install/controlador/lib/python3.10/site-packages/controlador
byte-compiling /home/darhf/Manchester/Week10/challenge3/controlador/install/controlador/lib/python3.10/site-packages/controlador/__init__.py to __init__.cpython-310.pyc
byte-compiling /home/darhf/Manchester/Week10/challenge3/controlador/install/controlador/lib/python3.10/site-packages/controlador/square_pid_control.py to square_pid_control.cpython-310.pyc
running install_data
creating /home/darhf/Manchester/Week10/challenge3/controlador/install/controlador/share/ament_index
creating /home/darhf/Manchester/Week10/challenge3/controlador/install/controlador/share/ament_index/resource_index
creating /home/darhf/Manchester/Week10/challenge3/controlador/install/controlador/share/ament_index/resource_index/packages
copying resource/controlador -> /home/darhf/Manchester/Week10/challenge3/controlador/install/controlador/share/ament_index/resource_index/packages
copying package.xml -> /home/darhf/Manchester/Week10/challenge3/controlador/install/controlador/share/controlador
running install_egg_info
Copying ../../build/controlador/controlador.egg-info to /home/darhf/Manchester/Week10/challenge3/controlador/install/controlador/lib/python3.10/site-packages/controlador-0.0.0-py3.10.egg-info
running install_scripts
Installing square_pid_control script to /home/darhf/Manchester/Week10/challenge3/controlador/install/controlador/lib/controlador
writing list of installed files to '/home/darhf/Manchester/Week10/challenge3/controlador/build/controlador/install.log'
