[0.576s] Invoking command in '/home/darhf/Manchester/Week10/challenge3/controlador/src/controlador': PYTHONPATH=/home/darhf/Manchester/Week10/challenge3/controlador/build/controlador/prefix_override:/usr/lib/python3/dist-packages/colcon_core/task/python/colcon_distutils_commands:/home/darhf/Manchester/Week10/challenge3/controlador/install/controlador/lib/python3.10/site-packages:${PYTHONPATH} /usr/bin/python3 -W ignore:setup.py install is deprecated -W ignore:easy_install command is deprecated setup.py egg_info --egg-base ../../build/controlador build --build-base /home/darhf/Manchester/Week10/challenge3/controlador/build/controlador/build install --record /home/darhf/Manchester/Week10/challenge3/controlador/build/controlador/install.log --single-version-externally-managed install_data
[0.782s] running egg_info
[0.782s] writing ../../build/controlador/controlador.egg-info/PKG-INFO
[0.783s] writing dependency_links to ../../build/controlador/controlador.egg-info/dependency_links.txt
[0.783s] writing entry points to ../../build/controlador/controlador.egg-info/entry_points.txt
[0.783s] writing requirements to ../../build/controlador/controlador.egg-info/requires.txt
[0.783s] writing top-level names to ../../build/controlador/controlador.egg-info/top_level.txt
[0.784s] reading manifest file '../../build/controlador/controlador.egg-info/SOURCES.txt'
[0.785s] writing manifest file '../../build/controlador/controlador.egg-info/SOURCES.txt'
[0.785s] running build
[0.785s] running build_py
[0.785s] copying controlador/square_pid_control.py -> /home/darhf/Manchester/Week10/challenge3/controlador/build/controlador/build/lib/controlador
[0.786s] running install
[0.786s] running install_lib
[0.786s] copying /home/darhf/Manchester/Week10/challenge3/controlador/build/controlador/build/lib/controlador/square_pid_control.py -> /home/darhf/Manchester/Week10/challenge3/controlador/install/controlador/lib/python3.10/site-packages/controlador
[0.787s] byte-compiling /home/darhf/Manchester/Week10/challenge3/controlador/install/controlador/lib/python3.10/site-packages/controlador/square_pid_control.py to square_pid_control.cpython-310.pyc
[0.788s] running install_data
[0.788s] running install_egg_info
[0.789s] removing '/home/darhf/Manchester/Week10/challenge3/controlador/install/controlador/lib/python3.10/site-packages/controlador-0.0.0-py3.10.egg-info' (and everything under it)
[0.790s] Copying ../../build/controlador/controlador.egg-info to /home/darhf/Manchester/Week10/challenge3/controlador/install/controlador/lib/python3.10/site-packages/controlador-0.0.0-py3.10.egg-info
[0.791s] running install_scripts
[0.807s] Installing square_pid_control script to /home/darhf/Manchester/Week10/challenge3/controlador/install/controlador/lib/controlador
[0.808s] writing list of installed files to '/home/darhf/Manchester/Week10/challenge3/controlador/build/controlador/install.log'
[0.837s] Invoked command in '/home/darhf/Manchester/Week10/challenge3/controlador/src/controlador' returned '0': PYTHONPATH=/home/darhf/Manchester/Week10/challenge3/controlador/build/controlador/prefix_override:/usr/lib/python3/dist-packages/colcon_core/task/python/colcon_distutils_commands:/home/darhf/Manchester/Week10/challenge3/controlador/install/controlador/lib/python3.10/site-packages:${PYTHONPATH} /usr/bin/python3 -W ignore:setup.py install is deprecated -W ignore:easy_install command is deprecated setup.py egg_info --egg-base ../../build/controlador build --build-base /home/darhf/Manchester/Week10/challenge3/controlador/build/controlador/build install --record /home/darhf/Manchester/Week10/challenge3/controlador/build/controlador/install.log --single-version-externally-managed install_data
