[0.663s] Invoking command in '/home/darhf/Manchester/Week10/challenge3/controlador/src/controlador': PYTHONPATH=/home/darhf/Manchester/Week10/challenge3/controlador/build/controlador/prefix_override:/usr/lib/python3/dist-packages/colcon_core/task/python/colcon_distutils_commands:/home/darhf/Manchester/Week10/challenge3/controlador/install/controlador/lib/python3.10/site-packages:${PYTHONPATH} /usr/bin/python3 -W ignore:setup.py install is deprecated -W ignore:easy_install command is deprecated setup.py egg_info --egg-base ../../build/controlador build --build-base /home/darhf/Manchester/Week10/challenge3/controlador/build/controlador/build install --record /home/darhf/Manchester/Week10/challenge3/controlador/build/controlador/install.log --single-version-externally-managed install_data
[0.885s] running egg_info
[0.885s] writing ../../build/controlador/controlador.egg-info/PKG-INFO
[0.885s] writing dependency_links to ../../build/controlador/controlador.egg-info/dependency_links.txt
[0.886s] writing entry points to ../../build/controlador/controlador.egg-info/entry_points.txt
[0.886s] writing requirements to ../../build/controlador/controlador.egg-info/requires.txt
[0.886s] writing top-level names to ../../build/controlador/controlador.egg-info/top_level.txt
[0.888s] reading manifest file '../../build/controlador/controlador.egg-info/SOURCES.txt'
[0.888s] writing manifest file '../../build/controlador/controlador.egg-info/SOURCES.txt'
[0.889s] running build
[0.889s] running build_py
[0.889s] copying controlador/square_pid_control.py -> /home/darhf/Manchester/Week10/challenge3/controlador/build/controlador/build/lib/controlador
[0.889s] running install
[0.889s] running install_lib
[0.890s] copying /home/darhf/Manchester/Week10/challenge3/controlador/build/controlador/build/lib/controlador/square_pid_control.py -> /home/darhf/Manchester/Week10/challenge3/controlador/install/controlador/lib/python3.10/site-packages/controlador
[0.890s] byte-compiling /home/darhf/Manchester/Week10/challenge3/controlador/install/controlador/lib/python3.10/site-packages/controlador/square_pid_control.py to square_pid_control.cpython-310.pyc
[0.891s] running install_data
[0.892s] copying launch/square_launch.py -> /home/darhf/Manchester/Week10/challenge3/controlador/install/controlador/share/controlador/launch
[0.892s] error: can't copy 'config/waypoints.yaml': doesn't exist or not a regular file
[0.934s] Invoked command in '/home/darhf/Manchester/Week10/challenge3/controlador/src/controlador' returned '1': PYTHONPATH=/home/darhf/Manchester/Week10/challenge3/controlador/build/controlador/prefix_override:/usr/lib/python3/dist-packages/colcon_core/task/python/colcon_distutils_commands:/home/darhf/Manchester/Week10/challenge3/controlador/install/controlador/lib/python3.10/site-packages:${PYTHONPATH} /usr/bin/python3 -W ignore:setup.py install is deprecated -W ignore:easy_install command is deprecated setup.py egg_info --egg-base ../../build/controlador build --build-base /home/darhf/Manchester/Week10/challenge3/controlador/build/controlador/build install --record /home/darhf/Manchester/Week10/challenge3/controlador/build/controlador/install.log --single-version-externally-managed install_data
